Replace Part C? CC0603KRX7R9BB105 in C:\Users\akapu\OneDrive\Документы\Git\camp2024\LPS_camp\LPS_main.SchDoc with CC0603KRX7R9BB105 from capacitors.SchLib
Replace Part C? CC1206KKX7R8BB106 in C:\Users\akapu\OneDrive\Документы\Git\camp2024\LPS_camp\LPS_main.SchDoc with CC1206KKX7R8BB106 from capacitors.SchLib
Replace Part C? CC0603KRX5R8BB475 in C:\Users\akapu\OneDrive\Документы\Git\camp2024\LPS_camp\LPS_main.SchDoc with CC0603KRX5R8BB475 from capacitors.SchLib
Replace Part C? CC0603JPX7R9BB104 in C:\Users\akapu\OneDrive\Документы\Git\camp2024\LPS_camp\LPS_main.SchDoc with CC0603JPX7R9BB104 from capacitors.SchLib
Replace Part C? CC0603JRNPO9BN101 in C:\Users\akapu\OneDrive\Документы\Git\camp2024\LPS_camp\LPS_main.SchDoc with CC0603JRNPO9BN101 from capacitors.SchLib
Replace Part DD? MP1584EN in C:\Users\akapu\OneDrive\Документы\Git\camp2024\LPS_camp\LPS_main.SchDoc with MP1584EN from ics.SchLib
Replace Part L? CDRH124NP-4R7MC in C:\Users\akapu\OneDrive\Документы\Git\camp2024\LPS_camp\LPS_main.SchDoc with CDRH124NP-4R7MC from inductance.SchLib
Replace Part R? RC0603FR-07100KL in C:\Users\akapu\OneDrive\Документы\Git\camp2024\LPS_camp\LPS_main.SchDoc with RC0603FR-07100KL from resistors.SchLib
Replace Part R? RC0603FR-074K7L in C:\Users\akapu\OneDrive\Документы\Git\camp2024\LPS_camp\LPS_main.SchDoc with RC0603FR-074K7L from resistors.SchLib
Replace Part R? RC0805FR-072KL in C:\Users\akapu\OneDrive\Документы\Git\camp2024\LPS_camp\LPS_main.SchDoc with RC0805FR-072KL from resistors.SchLib
Replace Part R? RC0603FR-07220KL in C:\Users\akapu\OneDrive\Документы\Git\camp2024\LPS_camp\LPS_main.SchDoc with RC0603FR-07220KL from resistors.SchLib
Replace Part R? RC0603FR-071KL in C:\Users\akapu\OneDrive\Документы\Git\camp2024\LPS_camp\LPS_main.SchDoc with RC0603FR-071KL from resistors.SchLib
Replace Part R? RC0805FR-072KL in C:\Users\akapu\OneDrive\Документы\Git\camp2024\LPS_camp\LPS_main.SchDoc with RC0805FR-072KL from resistors.SchLib
Replace Part R? RC0603FR-07100KL in C:\Users\akapu\OneDrive\Документы\Git\camp2024\LPS_camp\LPS_main.SchDoc with RC0603FR-07100KL from resistors.SchLib
Replace Part VD? FYLS-0603BURC in C:\Users\akapu\OneDrive\Документы\Git\camp2024\LPS_camp\LPS_main.SchDoc with FYLS-0603BURC from diodes.SchLib
Replace Part VD? VS-10MQ040NTRPBF in C:\Users\akapu\OneDrive\Документы\Git\camp2024\LPS_camp\LPS_main.SchDoc with VS-10MQ040NTRPBF from diodes.SchLib
Replace Part VT? IRLML2502TRPBF in C:\Users\akapu\OneDrive\Документы\Git\camp2024\LPS_camp\LPS_main.SchDoc with IRLML2502TRPBF from transistors.SchLib
Replace Part VT? CSD17308Q3 in C:\Users\akapu\OneDrive\Документы\Git\camp2024\LPS_camp\LPS_main.SchDoc with CSD17308Q3 from transistors.SchLib
Replace Part X? 796683-2 in C:\Users\akapu\OneDrive\Документы\Git\camp2024\LPS_camp\LPS_main.SchDoc with 796683-2 from headers.SchLib
Replace Part X? 796683-2 in C:\Users\akapu\OneDrive\Документы\Git\camp2024\LPS_camp\LPS_main.SchDoc with 796683-2 from headers.SchLib
Replace Part X? MW-3M in C:\Users\akapu\OneDrive\Документы\Git\camp2024\LPS_camp\LPS_main.SchDoc with MW-3M from headers.SchLib
Replace Part X? CWF-2 in C:\Users\akapu\OneDrive\Документы\Git\camp2024\LPS_camp\LPS_main.SchDoc with CWF-2 from headers.SchLib
Replace Part X? MW-3M in C:\Users\akapu\OneDrive\Документы\Git\camp2024\LPS_camp\LPS_main.SchDoc with MW-3M from headers.SchLib
Replace Part X? MW-3M in C:\Users\akapu\OneDrive\Документы\Git\camp2024\LPS_camp\LPS_main.SchDoc with MW-3M from headers.SchLib
Replace Part X? 796683-2 in C:\Users\akapu\OneDrive\Документы\Git\camp2024\LPS_camp\LPS_main.SchDoc with 796683-2 from headers.SchLib
